https://github.com/1j01/jspaint
https://github.com/521dimensions/amplitudejs
https://github.com/ai/nanoid
https://github.com/antvis/g2
https://github.com/ApoorvSaxena/lozad.js
https://github.com/bfirsh/jsnes
https://github.com/buttercup/buttercup-desktop
https://github.com/Canner/slate-md-editor
https://github.com/captbaritone/webamp
https://github.com/d3/d3
https://github.com/developit/greenlet
https://github.com/developit/workerize
https://github.com/drcmda/react-spring
https://github.com/facebook/prepack
https://github.com/facebook/react
https://github.com/glidejs/glide
https://github.com/GoogleChromeLabs/jsvu
https://github.com/GoogleChrome/puppeteer
https://github.com/GoogleChrome/workbox
https://github.com/ianstormtaylor/superstruct
https://github.com/intoli/remote-browser
https://github.com/jeromeetienne/AR.js
https://github.com/marktext/marktext
https://github.com/Microsoft/vscode
https://github.com/moment/luxon
https://github.com/neovim/neovim
https://github.com/nodejs/node
https://github.com/nuxt/consola
https://github.com/Okazari/Rythm.js
https://github.com/onivim/oni
https://github.com/parcel-bundler/parcel
https://github.com/Popmotion/popmotion
https://github.com/prettier/prettier
https://github.com/pshihn/rough
https://github.com/reactioncommerce/reaction
https://github.com/russellgoldenberg/scrollama
https://github.com/SeleniumHQ/selenium
https://github.com/SheetJS/js-xlsx
https://github.com/Shopify/draggable
https://github.com/sigalor/whatsapp-web-reveng
https://github.com/stimulusjs/stimulus
https://github.com/tensorflow/tfjs-core
https://github.com/Tonejs/Tone.js
https://github.com/uber/luma.gl
https://github.com/vuejs/vue
https://github.com/vuejs/vuepress
https://github.com/wallabyjs/quokka
https://github.com/webpackmonitor/webpackmonitor
https://github.com/withspectrum/spectrum
https://github.com/Yoctol/bottender
https://github.com/zouhir/jarvis
