https://github.com/airbnb/javascript
https://github.com/angular/angular
https://github.com/atom/atom
https://github.com/axios/axios
https://github.com/chartjs/Chart.js
https://github.com/denoland/deno
https://github.com/ElemeFE/element
https://github.com/explore/email
https://github.com/expressjs/express
https://github.com/facebook/react
https://github.com/freeCodeCamp/freeCodeCamp
https://github.com/freeCodeCamp/freeCodeCamp/starga.zers
https://github.com/getify/You-Dont-Know-JS
https://github.com/goldbergyoni/nodebestpractices
https://github.com/h5bp/html5-boilerplate
https://github.com/justjavac/free-programming-books-zh_CN
https://github.com/lodash/lodash
https://github.com/meteor/meteor
https://github.com/microsoft/TypeScript
https://github.com/mrdoob/three.js
https://github.com/nodejs/node
https://github.com/storybookjs/storybook
https://github.com/storybookjs/storybook/discussions
https://github.com/thedaviddias/Front-End-Checklist
https://github.com/trekhleb/javascript-algorithms
https://github.com/twbs/bootstrap
https://github.com/twbs/bootstrap/discussions
https://github.com/users/YDKJS/hovercard
https://github.com/vuejs/vue
https://github.com/webpack/webpack
https://github.com/yarnpkg/yarn
https://github.com/airbnb/javascript
https://github.com/alvarotrigo/fullPage.js
https://github.com/angular/angular
https://github.com/atom/atom
https://github.com/axios/axios
https://github.com/azl397985856/leetcode
https://github.com/chartjs/Chart.js
https://github.com/discourse/discourse
https://github.com/ElemeFE/element
https://github.com/explore/email
https://github.com/expressjs/express
https://github.com/facebook/react
https://github.com/freeCodeCamp/freeCodeCamp
https://github.com/getify/You-Dont-Know-JS
https://github.com/h5bp/html5-boilerplate
https://github.com/justjavac/free-programming-books-zh_CN
https://github.com/microsoft/TypeScript
https://github.com/mrdoob/three.js
https://github.com/nodejs/node
https://github.com/TheOdinProject/curriculum
https://github.com/trekhleb/javascript-algorithms
https://github.com/TryGhost/Ghost
https://github.com/twbs/bootstrap
https://github.com/twbs/bootstrap/discussions
https://github.com/users/YDKJS/hovercard
https://github.com/videojs/video.js
https://github.com/vuejs/vue
https://github.com/vuejs/vuex
https://github.com/webpack/webpack
https://github.com/adipro7/my-portfolio
https://github.com/aniftyco/eslint-config-nifty
https://github.com/Azure/azure-sdk-for-js
https://github.com/Bisrad/password-generator
https://github.com/cdnjs/cdnjs
https://github.com/cdnjs/cdnjs/discussions
https://github.com/coreyphillips/moonshine
https://github.com/coreyphillips/moonshine/issu..es
https://github.com/explore/email
https://github.com/FusionAuth/fusionauth-client-builder
https://github.com/FusionAuth/fusionauth-javascript-client
https://github.com/genestatic/chisel
https://github.com/h4k1m0u/js-projects
https://github.com/hipstina/ipa-api
https://github.com/hipstina/little-editor
https://github.com/jjs2484/conversions
https://github.com/martinoppitz/poc-flexible-web-application-architecture
https://github.com/OrchidJS/Orchid-Select
https://github.com/pnpm/pnpm
https://github.com/pojntfx/felix-pojtingers-theia
https://github.com/RLNT/sinus-staff-list
https://github.com/rm3l/rm3l.org
https://github.com/Sanmonsua/personal-notes
https://github.com/serveside/serveside
https://github.com/shellyln/open-soql
https://github.com/Sv443/JSLib-npm
https://github.com/Sv443/Node-Hangman
https://github.com/tc39/ecma262
https://github.com/youugotssponged/coordinate-translator-react
